#
# There is insufficient memory for the Java Runtime Environment to continue.
# Native memory allocation (malloc) failed to allocate 5552 bytes for AllocateHeap
# Possible reasons:
#   The system is out of physical RAM or swap space
#   The process is running with CompressedOops enabled, and the Java Heap may be blocking the growth of the native heap
# Possible solutions:
#   Reduce memory load on the system
#   Increase physical memory or swap space
#   Check if swap backing store is full
#   Decrease Java heap size (-Xmx/-Xms)
#   Decrease number of Java threads
#   Decrease Java thread stack sizes (-Xss)
#   Set larger code cache with -XX:ReservedCodeCacheSize=
#
#  
#
# 
Command Line: -javaagent:C:\Program Files\JetBrains\IntelliJ IDEA Community Edition 2022.1.2\lib\idea_rt.jar=10911:C:\Program Files\JetBrains\IntelliJ IDEA Community Edition 2022.1.2\bin -Dfile.encoding=UTF-8 -Dsun.stdout.encoding=UTF-8 -Dsun.stderr.encoding=UTF-8 com.greatLearning.springBootLab.SpringBootLabApplication

Host: Intel(R) Core(TM) i3-10110U CPU @ 2.10GHz, 4 cores, 7G, Call to GetFileVersionInfoSize failed
Time: Mon Nov  7 22:19:02 2022 India Standard Time elapsed time: 6438.249448 seconds (0d 1h 47m 18s)

---------------  T H R E A D  ---------------

Current thread (0x000002d7a0a9b3b0):  JavaThread "File Watcher" daemon [_thread_in_Java, id=123028, stack(0x000000e77ba00000,0x000000e77bb00000)]

Stack: [0x000000e77ba00000,0x000000e77bb00000]
Native frames: (J=compiled Java code, j=interpreted, Vv=VM code, C=native code)
V  [jvm.dll+0x69887a]
V  [jvm.dll+0x7f38bd]
V  [jvm.dll+0x7f51ce]
V  [jvm.dll+0x7f5883]
V  [jvm.dll+0x25ca3f]
V  [jvm.dll+0xb31af]
V  [jvm.dll+0x7eb0a0]
V  [jvm.dll+0x26968a]
V  [jvm.dll+0x26c694]
C  0x000002d7878c232b

Java frames: (J=compiled Java code, j=interpreted, Vv=VM code)
v  ~UncommonTrapBlob
J 6436 c2 java.io.File.listFiles()[Ljava/io/File; java.base@18.0.1 (52 bytes) @ 0x000002d78f65a278 [0x000002d78f6598e0+0x0000000000000998]
j  org.springframework.boot.devtools.filewatch.DirectorySnapshot.collectFiles(Ljava/io/File;Ljava/util/Set;)V+1
j  org.springframework.boot.devtools.filewatch.DirectorySnapshot.collectFiles(Ljava/io/File;Ljava/util/Set;)V+62
J 7046 c2 org.springframework.boot.devtools.filewatch.FileSystemWatcher$Watcher.getCurrentSnapshots()Ljava/util/Map; (63 bytes) @ 0x000002d78f6fc624 [0x000002d78f6fc180+0x00000000000004a4]
J 7047 c2 org.springframework.boot.devtools.filewatch.FileSystemWatcher$Watcher.scan()V (63 bytes) @ 0x000002d78f700594 [0x000002d78f700540+0x0000000000000054]
j  org.springframework.boot.devtools.filewatch.FileSystemWatcher$Watcher.run()V+30
j  java.lang.Thread.run()V+11 java.base@18.0.1
v  ~StubRoutines::call_stub

---------------  P R O C E S S  ---------------

Threads class SMR info:
_java_thread_list=0x000002d79e91da80, length=32, elements={
0x000002d7ffd0b4b0, 0x000002d7ffd0c8b0, 0x000002d7ffd28960, 0x000002d7ffd2a310,
0x000002d7ffd2b450, 0x000002d7ffd2bdf0, 0x000002d7ffd2d260, 0x000002d7ffd33740,
0x000002d7ffd705b0, 0x000002d79e994290, 0x000002d79eb77ed0, 0x000002d79eb78390,
0x000002d7a0a9bd50, 0x000002d7a0a9d560, 0x000002d7a0a9d090, 0x000002d7a0a9a540,
0x000002d7a0a9aee0, 0x000002d7a0a9b3b0, 0x000002d7a0a9c220, 0x000002d7a0a9b880,
0x000002d7a0a9c6f0, 0x000002d7a0a9cbc0, 0x000002d7a1e4bd40, 0x000002d7a1e4c6e0,
0x000002d7a1e479e0, 0x000002d7a1e49b90, 0x000002d7a1e48380, 0x000002d7a1e4b870,
0x000002d7a1e4c210, 0x000002d7a1e47eb0, 0x000002d7a1e4cbb0, 0x000002d7a1e4d080
}

Java Threads: ( => current thread )
  0x000002d7ffd0b4b0 JavaThread "Reference Handler" daemon [_thread_blocked, id=125144, stack(0x000000e77a600000,0x000000e77a700000)]
  0x000002d7ffd0c8b0 JavaThread "Finalizer" daemon [_thread_blocked, id=125756, stack(0x000000e77a700000,0x000000e77a800000)]
  0x000002d7ffd28960 JavaThread "Signal Dispatcher" daemon [_thread_blocked, id=121536, stack(0x000000e77a800000,0x000000e77a900000)]
  0x000002d7ffd2a310 JavaThread "Attach Listener" daemon [_thread_blocked, id=124880, stack(0x000000e77a900000,0x000000e77aa00000)]
  0x000002d7ffd2b450 JavaThread "Service Thread" daemon [_thread_blocked, id=121880, stack(0x000000e77aa00000,0x000000e77ab00000)]
  0x000002d7ffd2bdf0 JavaThread "Monitor Deflation Thread" daemon [_thread_blocked, id=124244, stack(0x000000e77ab00000,0x000000e77ac00000)]
  0x000002d7ffd2d260 JavaThread "C2 CompilerThread0" daemon [_thread_blocked, id=123852, stack(0x000000e77ac00000,0x000000e77ad00000)]
  0x000002d7ffd33740 JavaThread "C1 CompilerThread0" daemon [_thread_blocked, id=120148, stack(0x000000e77ad00000,0x000000e77ae00000)]
  0x000002d7ffd705b0 JavaThread "Sweeper thread" daemon [_thread_blocked, id=124980, stack(0x000000e77ae00000,0x000000e77af00000)]
  0x000002d79e994290 JavaThread "Common-Cleaner" daemon [_thread_blocked, id=125248, stack(0x000000e77af00000,0x000000e77b000000)]
  0x000002d79eb77ed0 JavaThread "Monitor Ctrl-Break" daemon [_thread_in_native, id=123744, stack(0x000000e77b100000,0x000000e77b200000)]
  0x000002d79eb78390 JavaThread "Notification Thread" daemon [_thread_blocked, id=118528, stack(0x000000e77b200000,0x000000e77b300000)]
  0x000002d7a0a9bd50 JavaThread "Catalina-utility-1" [_thread_blocked, id=123164, stack(0x000000e77bb00000,0x000000e77bc00000)]
  0x000002d7a0a9d560 JavaThread "Catalina-utility-2" [_thread_blocked, id=125572, stack(0x000000e77bc00000,0x000000e77bd00000)]
  0x000002d7a0a9d090 JavaThread "container-0" [_thread_blocked, id=121500, stack(0x000000e77bd00000,0x000000e77be00000)]
  0x000002d7a0a9a540 JavaThread "mysql-cj-abandoned-connection-cleanup" daemon [_thread_blocked, id=118308, stack(0x000000e77be00000,0x000000e77bf00000)]
  0x000002d7a0a9aee0 JavaThread "HikariPool-1 housekeeper" daemon [_thread_blocked, id=117588, stack(0x000000e77c000000,0x000000e77c100000)]
=>0x000002d7a0a9b3b0 JavaThread "File Watcher" daemon [_thread_in_Java, id=123028, stack(0x000000e77ba00000,0x000000e77bb00000)]
  0x000002d7a0a9c220 JavaThread "Live Reload Server" daemon [_thread_in_native, id=120320, stack(0x000000e77c300000,0x000000e77c400000)]
  0x000002d7a0a9b880 JavaThread "http-nio-8080-exec-1" daemon [_thread_blocked, id=106640, stack(0x000000e77c200000,0x000000e77c300000)]
  0x000002d7a0a9c6f0 JavaThread "http-nio-8080-exec-2" daemon [_thread_blocked, id=123524, stack(0x000000e77c400000,0x000000e77c500000)]
  0x000002d7a0a9cbc0 JavaThread "http-nio-8080-exec-3" daemon [_thread_blocked, id=124912, stack(0x000000e77c500000,0x000000e77c600000)]
  0x000002d7a1e4bd40 JavaThread "http-nio-8080-exec-4" daemon [_thread_blocked, id=124172, stack(0x000000e77c600000,0x000000e77c700000)]
  0x000002d7a1e4c6e0 JavaThread "http-nio-8080-exec-5" daemon [_thread_blocked, id=120256, stack(0x000000e77c700000,0x000000e77c800000)]
  0x000002d7a1e479e0 JavaThread "http-nio-8080-exec-6" daemon [_thread_blocked, id=116964, stack(0x000000e77c800000,0x000000e77c900000)]
  0x000002d7a1e49b90 JavaThread "http-nio-8080-exec-7" daemon [_thread_blocked, id=120996, stack(0x000000e77c900000,0x000000e77ca00000)]
  0x000002d7a1e48380 JavaThread "http-nio-8080-exec-8" daemon [_thread_blocked, id=125028, stack(0x000000e77ca00000,0x000000e77cb00000)]
  0x000002d7a1e4b870 JavaThread "http-nio-8080-exec-9" daemon [_thread_blocked, id=123748, stack(0x000000e77cb00000,0x000000e77cc00000)]
  0x000002d7a1e4c210 JavaThread "http-nio-8080-exec-10" daemon [_thread_blocked, id=125060, stack(0x000000e77cc00000,0x000000e77cd00000)]
  0x000002d7a1e47eb0 JavaThread "http-nio-8080-Poller" daemon [_thread_in_native, id=123928, stack(0x000000e77cd00000,0x000000e77ce00000)]
  0x000002d7a1e4cbb0 JavaThread "http-nio-8080-Acceptor" daemon [_thread_in_native, id=117516, stack(0x000000e77ce00000,0x000000e77cf00000)]
  0x000002d7a1e4d080 JavaThread "DestroyJavaVM" [_thread_blocked, id=124012, stack(0x000000e779f00000,0x000000e77a000000)]

Other Threads:
  0x000002d7fcd28690 VMThread "VM Thread" [stack: 0x000000e77a500000,0x000000e77a600000] [id=124088]
  0x000002d79ebe8b10 WatcherThread "VM Periodic Task Thread" [stack: 0x000000e77b300000,0x000000e77b400000] [id=121288]
  0x000002d7fcd0f030 WorkerThread "GC Thread#0" [stack: 0x000000e77a000000,0x000000e77a100000] [id=121140]
  0x000002d7ffd0ff40 WorkerThread "GC Thread#1" [stack: 0x000000e77b400000,0x000000e77b500000] [id=117968]
  0x000002d7ffd0f760 WorkerThread "GC Thread#2" [stack: 0x000000e77b500000,0x000000e77b600000] [id=123900]
  0x000002d7ffd0ef80 WorkerThread "GC Thread#3" [stack: 0x000000e77b600000,0x000000e77b700000] [id=118096]
  0x000002d7fcd20270 ConcurrentGCThread "G1 Main Marker" [stack: 0x000000e77a100000,0x000000e77a200000] [id=124340]
  0x000002d7fcd21400 WorkerThread "G1 Conc#0" [stack: 0x000000e77a200000,0x000000e77a300000] [id=120072]
  0x000002d7fcd62c20 ConcurrentGCThread "G1 Refine#0" [stack: 0x000000e77a300000,0x000000e77a400000] [id=124884]
  0x000002d79efc0c00 ConcurrentGCThread "G1 Refine#1" [stack: 0x000000e77b700000,0x000000e77b800000] [id=124460]
  0x000002d7a025ed80 ConcurrentGCThread "G1 Refine#2" [stack: 0x000000e77b000000,0x000000e77b100000] [id=117324]
  0x000002d7fcd63530 ConcurrentGCThread "G1 Service" [stack: 0x000000e77a400000,0x000000e77a500000] [id=118088]

Threads with active compile tasks:

VM state: not at safepoint (normal execution)

VM Mutex/Monitor currently owned by a thread: None

Heap address: 0x0000000082800000, size: 2008 MB, Compressed Oops mode: 32-bit

CDS archive(s) mapped at: [0x0000000800000000-0x0000000800ba0000-0x0000000800ba0000), size 12189696, SharedBaseAddress: 0x0000000800000000, ArchiveRelocationMode: 0.
Compressed class space mapped at: 0x0000000800c00000-0x0000000840c00000, reserved size: 1073741824
Narrow klass base: 0x0000000800000000, Narrow klass shift: 0, Narrow klass range: 0x100000000

GC Precious Log:
 CardTable entry size: 512
 Card Set container configuration: InlinePtr #cards 5 size 8 Array Of Cards #cards 12 size 40 Howl #buckets 4 coarsen threshold 1843 Howl Bitmap #cards 512 size 80 coarsen threshold 460 Card regions per heap region 1 cards per card region 2048
 CPUs: 4 total, 4 available
 Memory: 8026M
 Large Page Support: Disabled
 NUMA Support: Disabled
 Compressed Oops: Enabled (32-bit)
 Heap Region Size: 1M
 Heap Min Capacity: 8M
 Heap Initial Capacity: 126M
 Heap Max Capacity: 2008M
 Pre-touch: Disabled
 Parallel Workers: 4
 Concurrent Workers: 1
 Concurrent Refinement Workers: 4
 Periodic GC: Disabled

Heap:
 garbage-first heap   total 81920K, used 66870K [0x0000000082800000, 0x0000000100000000)
  region size 1024K, 37 young (37888K), 2 survivors (2048K)
 Metaspace       used 68151K, committed 68672K, reserved 1114112K
  class space    used 8911K, committed 9152K, reserved 1048576K

Heap Regions: E=young(eden), S=young(survivor), O=old, HS=humongous(starts), HC=humongous(continues), CS=collection set, F=free, OA=open archive, CA=closed archive, TAMS=top-at-mark-start (previous, next)
|   0|0x0000000082800000, 0x0000000082900000, 0x0000000082900000|100%|HS|  |TAMS 0x0000000082900000, 0x0000000082800000| Complete 
|   1|0x0000000082900000, 0x0000000082a00000, 0x0000000082a00000|100%| O|  |TAMS 0x0000000082a00000, 0x0000000082900000| Untracked 
|   2|0x0000000082a00000, 0x0000000082b00000, 0x0000000082b00000|100%| O|  |TAMS 0x0000000082b00000, 0x0000000082a00000| Untracked 
|   3|0x0000000082b00000, 0x0000000082c00000, 0x0000000082c00000|100%| O|  |TAMS 0x0000000082c00000, 0x0000000082b00000| Untracked 
|   4|0x0000000082c00000, 0x0000000082d00000, 0x0000000082d00000|100%| O|  |TAMS 0x0000000082d00000, 0x0000000082c00000| Untracked 
|   5|0x0000000082d00000, 0x0000000082e00000, 0x0000000082e00000|100%| O|  |TAMS 0x0000000082e00000, 0x0000000082d00000| Untracked 
|   6|0x0000000082e00000, 0x0000000082f00000, 0x0000000082f00000|100%| O|  |TAMS 0x0000000082f00000, 0x0000000082e00000| Untracked 
|   7|0x0000000082f00000, 0x0000000083000000, 0x0000000083000000|100%| O|  |TAMS 0x0000000083000000, 0x0000000082f00000| Untracked 
|   8|0x0000000083000000, 0x0000000083100000, 0x0000000083100000|100%| O|  |TAMS 0x0000000083100000, 0x0000000083000000| Untracked 
|   9|0x0000000083100000, 0x0000000083200000, 0x0000000083200000|100%| O|  |TAMS 0x0000000083200000, 0x0000000083100000| Untracked 
|  10|0x0000000083200000, 0x0000000083300000, 0x0000000083300000|100%| O|  |TAMS 0x0000000083300000, 0x0000000083200000| Untracked 
|  11|0x0000000083300000, 0x0000000083400000, 0x0000000083400000|100%| O|  |TAMS 0x0000000083400000, 0x0000000083300000| Untracked 
|  12|0x0000000083400000, 0x0000000083500000, 0x0000000083500000|100%| O|  |TAMS 0x0000000083500000, 0x0000000083400000| Untracked 
|  13|0x0000000083500000, 0x0000000083600000, 0x0000000083600000|100%| O|  |TAMS 0x0000000083600000, 0x0000000083500000| Untracked 
|  14|0x0000000083600000, 0x0000000083700000, 0x0000000083700000|100%| O|  |TAMS 0x0000000083700000, 0x0000000083600000| Untracked 
|  15|0x0000000083700000, 0x0000000083800000, 0x0000000083800000|100%| O|  |TAMS 0x0000000083800000, 0x0000000083700000| Untracked 
|  16|0x0000000083800000, 0x0000000083900000, 0x0000000083900000|100%| O|  |TAMS 0x0000000083900000, 0x0000000083800000| Untracked 
|  17|0x0000000083900000, 0x0000000083a00000, 0x0000000083a00000|100%| O|  |TAMS 0x0000000083a00000, 0x0000000083900000| Untracked 
|  18|0x0000000083a00000, 0x0000000083b00000, 0x0000000083b00000|100%| O|  |TAMS 0x0000000083b00000, 0x0000000083a00000| Untracked 
|  19|0x0000000083b00000, 0x0000000083c00000, 0x0000000083c00000|100%| O|  |TAMS 0x0000000083c00000, 0x0000000083b00000| Untracked 
|  20|0x0000000083c00000, 0x0000000083d00000, 0x0000000083d00000|100%| O|  |TAMS 0x0000000083c18200, 0x0000000083c00000| Untracked 
|  21|0x0000000083d00000, 0x0000000083e00000, 0x0000000083e00000|100%| O|  |TAMS 0x0000000083d00000, 0x0000000083d00000| Untracked 
|  22|0x0000000083e00000, 0x0000000083f00000, 0x0000000083f00000|100%| O|  |TAMS 0x0000000083e00000, 0x0000000083e00000| Untracked 
|  23|0x0000000083f00000, 0x0000000084000000, 0x0000000084000000|100%| O|  |TAMS 0x0000000083f00000, 0x0000000083f00000| Untracked 
|  24|0x0000000084000000, 0x0000000084100000, 0x0000000084100000|100%| O|  |TAMS 0x0000000084000000, 0x0000000084000000| Untracked 
|  25|0x0000000084100000, 0x0000000084200000, 0x0000000084200000|100%| O|  |TAMS 0x0000000084100000, 0x0000000084100000| Untracked 
|  26|0x0000000084200000, 0x0000000084300000, 0x0000000084300000|100%| O|  |TAMS 0x0000000084200000, 0x0000000084200000| Untracked 
|  27|0x0000000084300000, 0x0000000084400000, 0x0000000084400000|100%| O|  |TAMS 0x0000000084300000, 0x0000000084300000| Untracked 
|  28|0x0000000084400000, 0x0000000084500000, 0x0000000084500000|100%| O|  |TAMS 0x0000000084400000, 0x0000000084400000| Untracked 
|  29|0x0000000084500000, 0x00000000845faa00, 0x0000000084600000| 97%| O|  |TAMS 0x0000000084500000, 0x0000000084500000| Untracked 
|  30|0x0000000084600000, 0x0000000084600000, 0x0000000084700000|  0%| F|  |TAMS 0x0000000084600000, 0x0000000084600000| Untracked 
|  31|0x0000000084700000, 0x0000000084700000, 0x0000000084800000|  0%| F|  |TAMS 0x0000000084700000, 0x0000000084700000| Untracked 
|  32|0x0000000084800000, 0x0000000084800000, 0x0000000084900000|  0%| F|  |TAMS 0x0000000084800000, 0x0000000084800000| Untracked 
|  33|0x0000000084900000, 0x0000000084900000, 0x0000000084a00000|  0%| F|  |TAMS 0x0000000084900000, 0x0000000084900000| Untracked 
|  34|0x0000000084a00000, 0x0000000084a00000, 0x0000000084b00000|  0%| F|  |TAMS 0x0000000084a00000, 0x0000000084a00000| Untracked 
|  35|0x0000000084b00000, 0x0000000084b00000, 0x0000000084c00000|  0%| F|  |TAMS 0x0000000084b00000, 0x0000000084b00000| Untracked 
|  36|0x0000000084c00000, 0x0000000084c00000, 0x0000000084d00000|  0%| F|  |TAMS 0x0000000084c00000, 0x0000000084c00000| Untracked 
|  37|0x0000000084d00000, 0x0000000084d00000, 0x0000000084e00000|  0%| F|  |TAMS 0x0000000084d00000, 0x0000000084d00000| Untracked 
|  38|0x0000000084e00000, 0x0000000084e00000, 0x0000000084f00000|  0%| F|  |TAMS 0x0000000084e00000, 0x0000000084e00000| Untracked 
|  39|0x0000000084f00000, 0x0000000084f00000, 0x0000000085000000|  0%| F|  |TAMS 0x0000000084f00000, 0x0000000084f00000| Untracked 
|  40|0x0000000085000000, 0x0000000085000000, 0x0000000085100000|  0%| F|  |TAMS 0x0000000085000000, 0x0000000085000000| Untracked 
|  41|0x0000000085100000, 0x0000000085100000, 0x0000000085200000|  0%| F|  |TAMS 0x0000000085100000, 0x0000000085100000| Untracked 
|  42|0x0000000085200000, 0x0000000085253030, 0x0000000085300000| 32%| S|CS|TAMS 0x0000000085200000, 0x0000000085200000| Complete 
|  43|0x0000000085300000, 0x0000000085400000, 0x0000000085400000|100%| S|CS|TAMS 0x0000000085300000, 0x0000000085300000| Complete 
|  44|0x0000000085400000, 0x0000000085400000, 0x0000000085500000|  0%| F|  |TAMS 0x0000000085400000, 0x0000000085400000| Untracked 
|  45|0x0000000085500000, 0x0000000085580800, 0x0000000085600000| 50%| E|  |TAMS 0x0000000085500000, 0x0000000085500000| Complete 
|  46|0x0000000085600000, 0x0000000085700000, 0x0000000085700000|100%| E|CS|TAMS 0x0000000085600000, 0x0000000085600000| Complete 
|  47|0x0000000085700000, 0x0000000085800000, 0x0000000085800000|100%| E|CS|TAMS 0x0000000085700000, 0x0000000085700000| Complete 
|  48|0x0000000085800000, 0x0000000085900000, 0x0000000085900000|100%| E|CS|TAMS 0x0000000085800000, 0x0000000085800000| Complete 
|  49|0x0000000085900000, 0x0000000085a00000, 0x0000000085a00000|100%| E|CS|TAMS 0x0000000085900000, 0x0000000085900000| Complete 
|  50|0x0000000085a00000, 0x0000000085b00000, 0x0000000085b00000|100%| E|CS|TAMS 0x0000000085a00000, 0x0000000085a00000| Complete 
|  51|0x0000000085b00000, 0x0000000085c00000, 0x0000000085c00000|100%| E|CS|TAMS 0x0000000085b00000, 0x0000000085b00000| Complete 
|  52|0x0000000085c00000, 0x0000000085d00000, 0x0000000085d00000|100%| E|CS|TAMS 0x0000000085c00000, 0x0000000085c00000| Complete 
|  53|0x0000000085d00000, 0x0000000085e00000, 0x0000000085e00000|100%| E|CS|TAMS 0x0000000085d00000, 0x0000000085d00000| Complete 
|  54|0x0000000085e00000, 0x0000000085f00000, 0x0000000085f00000|100%| E|CS|TAMS 0x0000000085e00000, 0x0000000085e00000| Complete 
|  55|0x0000000085f00000, 0x0000000086000000, 0x0000000086000000|100%| E|CS|TAMS 0x0000000085f00000, 0x0000000085f00000| Complete 
|  56|0x0000000086000000, 0x0000000086100000, 0x0000000086100000|100%| E|CS|TAMS 0x0000000086000000, 0x0000000086000000| Complete 
|  57|0x0000000086100000, 0x0000000086200000, 0x0000000086200000|100%| E|CS|TAMS 0x0000000086100000, 0x0000000086100000| Complete 
|  58|0x0000000086200000, 0x0000000086300000, 0x0000000086300000|100%| E|CS|TAMS 0x0000000086200000, 0x0000000086200000| Complete 
|  59|0x0000000086300000, 0x0000000086400000, 0x0000000086400000|100%| E|CS|TAMS 0x0000000086300000, 0x0000000086300000| Complete 
|  60|0x0000000086400000, 0x0000000086500000, 0x0000000086500000|100%| E|CS|TAMS 0x0000000086400000, 0x0000000086400000| Complete 
|  61|0x0000000086500000, 0x0000000086600000, 0x0000000086600000|100%| E|CS|TAMS 0x0000000086500000, 0x0000000086500000| Complete 
|  62|0x0000000086600000, 0x0000000086700000, 0x0000000086700000|100%| E|CS|TAMS 0x0000000086600000, 0x0000000086600000| Complete 
|  63|0x0000000086700000, 0x0000000086800000, 0x0000000086800000|100%| E|CS|TAMS 0x0000000086700000, 0x0000000086700000| Complete 
|  64|0x0000000086800000, 0x0000000086900000, 0x0000000086900000|100%| E|CS|TAMS 0x0000000086800000, 0x0000000086800000| Complete 
|  65|0x0000000086900000, 0x0000000086a00000, 0x0000000086a00000|100%| E|CS|TAMS 0x0000000086900000, 0x0000000086900000| Complete 
|  66|0x0000000086a00000, 0x0000000086b00000, 0x0000000086b00000|100%| E|CS|TAMS 0x0000000086a00000, 0x0000000086a00000| Complete 
|  67|0x0000000086b00000, 0x0000000086c00000, 0x0000000086c00000|100%| E|CS|TAMS 0x0000000086b00000, 0x0000000086b00000| Complete 
|  68|0x0000000086c00000, 0x0000000086d00000, 0x0000000086d00000|100%| E|CS|TAMS 0x0000000086c00000, 0x0000000086c00000| Complete 
|  69|0x0000000086d00000, 0x0000000086e00000, 0x0000000086e00000|100%| E|CS|TAMS 0x0000000086d00000, 0x0000000086d00000| Complete 
|  70|0x0000000086e00000, 0x0000000086f00000, 0x0000000086f00000|100%| E|CS|TAMS 0x0000000086e00000, 0x0000000086e00000| Complete 
|  71|0x0000000086f00000, 0x0000000087000000, 0x0000000087000000|100%| E|CS|TAMS 0x0000000086f00000, 0x0000000086f00000| Complete 
|  72|0x0000000087000000, 0x0000000087100000, 0x0000000087100000|100%| E|CS|TAMS 0x0000000087000000, 0x0000000087000000| Complete 
|  73|0x0000000087100000, 0x0000000087200000, 0x0000000087200000|100%| E|CS|TAMS 0x0000000087100000, 0x0000000087100000| Complete 
|  74|0x0000000087200000, 0x0000000087300000, 0x0000000087300000|100%| E|CS|TAMS 0x0000000087200000, 0x0000000087200000| Complete 
|  75|0x0000000087300000, 0x0000000087400000, 0x0000000087400000|100%| E|CS|TAMS 0x0000000087300000, 0x0000000087300000| Complete 
|  76|0x0000000087400000, 0x0000000087500000, 0x0000000087500000|100%| E|CS|TAMS 0x0000000087400000, 0x0000000087400000| Complete 
|  77|0x0000000087500000, 0x0000000087600000, 0x0000000087600000|100%| E|CS|TAMS 0x0000000087500000, 0x0000000087500000| Complete 
|  78|0x0000000087600000, 0x0000000087700000, 0x0000000087700000|100%| E|CS|TAMS 0x0000000087600000, 0x0000000087600000| Complete 
| 125|0x000000008a500000, 0x000000008a600000, 0x000000008a600000|100%| E|CS|TAMS 0x000000008a500000, 0x000000008a500000| Complete 

Card table byte_map: [0x000002d7fd160000,0x000002d7fd550000] _byte_map_base: 0x000002d7fcd4c000

Marking Bits (Prev, Next): (CMBitMap*) 0x000002d7fcd0f670, (CMBitMap*) 0x000002d7fcd0f630
 Prev Bits: [0x000002d796870000, 0x000002d7987d0000)
 Next Bits: [0x000002d7fd940000, 0x000002d7ff8a0000)

Polling page: 0x000002d7fa9e0000

Metaspace:

Usage:
  Non-class:     57.85 MB used.
      Class:      8.70 MB used.
       Both:     66.55 MB used.

Virtual space:
  Non-class space:       64.00 MB reserved,      58.12 MB ( 91%) committed,  1 nodes.
      Class space:        1.00 GB reserved,       8.94 MB ( <1%) committed,  1 nodes.
             Both:        1.06 GB reserved,      67.06 MB (  6%) committed. 

Chunk freelists:
   Non-Class:  1.92 MB
       Class:  2.95 MB
        Both:  4.87 MB

MaxMetaspaceSize: unlimited
CompressedClassSpaceSize: 1.00 GB
Initial GC threshold: 21.00 MB
Current GC threshold: 98.38 MB
CDS: on
MetaspaceReclaimPolicy: balanced
 - commit_granule_bytes: 65536.
 - commit_granule_words: 8192.
 - virtual_space_node_default_size: 8388608.
 - enlarge_chunks_in_place: 1.
 - new_chunks_are_fully_committed: 0.
 - uncommit_free_chunks: 1.
 - use_allocation_guard: 0.


Internal statistics:

num_allocs_failed_limit: 9.
num_arena_births: 572.
num_arena_deaths: 0.
num_vsnodes_births: 2.
num_vsnodes_deaths: 0.
num_space_committed: 1073.
num_space_uncommitted: 0.
num_chunks_returned_to_freelist: 9.
num_chunks_taken_from_freelist: 2885.
num_chunk_merges: 9.
num_chunk_splits: 2119.
num_chunks_enlarged: 1772.
num_inconsistent_stats: 0.

CodeHeap 'non-profiled nmethods': size=120000Kb used=3854Kb max_used=3854Kb free=116145Kb
 bounds [0x000002d78f340000, 0x000002d78f710000, 0x000002d796870000]
CodeHeap 'profiled nmethods': size=120000Kb used=12781Kb max_used=12781Kb free=107218Kb
 bounds [0x000002d787e10000, 0x000002d788a90000, 0x000002d78f340000]
CodeHeap 'non-nmethods': size=5760Kb used=1374Kb max_used=1442Kb free=4385Kb
 bounds [0x000002d787870000, 0x000002d787ae0000, 0x000002d787e10000]
 total_blobs=6944 nmethods=6243 adapters=613
 compilation: enabled
              stopped_count=0, restarted_count=0
 full_count=0

Compilation events (20 events):
Event: 5414.490 Thread 0x000002d7ffd2d260 7044       4       sun.nio.ch.SelectorImpl::select (35 bytes)
Event: 5414.579 Thread 0x000002d7ffd2d260 nmethod 7044 0x000002d78f6f6e90 code [0x000002d78f6f7240, 0x000002d78f6f99e0]
Event: 5415.492 Thread 0x000002d7ffd2d260 7045       4       sun.nio.ch.WEPollSelectorImpl::processEvents (152 bytes)
Event: 5415.497 Thread 0x000002d7ffd2d260 nmethod 7045 0x000002d78f6fb490 code [0x000002d78f6fb680, 0x000002d78f6fba30]
Event: 5486.883 Thread 0x000002d7ffd2d260 7046       4       org.springframework.boot.devtools.filewatch.FileSystemWatcher$Watcher::getCurrentSnapshots (63 bytes)
Event: 5487.019 Thread 0x000002d7ffd2d260 nmethod 7046 0x000002d78f6fbe90 code [0x000002d78f6fc180, 0x000002d78f6fee40]
Event: 5487.292 Thread 0x000002d7ffd2d260 7047       4       org.springframework.boot.devtools.filewatch.FileSystemWatcher$Watcher::scan (63 bytes)
Event: 5487.300 Thread 0x000002d7ffd2d260 nmethod 7047 0x000002d78f700390 code [0x000002d78f700540, 0x000002d78f7006e0]
Event: 5544.646 Thread 0x000002d7ffd2d260 7048   !   4       org.apache.tomcat.util.net.NioEndpoint$Poller::timeout (557 bytes)
Event: 5544.711 Thread 0x000002d7ffd2d260 nmethod 7048 0x000002d78f700890 code [0x000002d78f700a60, 0x000002d78f700e58]
Event: 5587.962 Thread 0x000002d7ffd33740 7049       3       com.zaxxer.hikari.pool.HikariPool::getIdleConnections (9 bytes)
Event: 5587.965 Thread 0x000002d7ffd33740 nmethod 7049 0x000002d788a8cd10 code [0x000002d788a8cec0, 0x000002d788a8d028]
Event: 5615.971 Thread 0x000002d7ffd33740 7050       3       java.lang.ref.ReferenceQueue::reallyPoll (65 bytes)
Event: 5615.975 Thread 0x000002d7ffd33740 nmethod 7050 0x000002d788a8d110 code [0x000002d788a8d2e0, 0x000002d788a8d818]
Event: 6006.607 Thread 0x000002d7ffd2d260 7051       4       jdk.internal.module.Resources::toPackageName (39 bytes)
Event: 6006.630 Thread 0x000002d7ffd2d260 nmethod 7051 0x000002d78f701410 code [0x000002d78f7015c0, 0x000002d78f7020f8]
Event: 6006.630 Thread 0x000002d7ffd2d260 7052   !   4       jdk.internal.loader.BuiltinClassLoader::findMiscResource (122 bytes)
Event: 6006.667 Thread 0x000002d7ffd2d260 nmethod 7052 0x000002d78f702690 code [0x000002d78f7028a0, 0x000002d78f702f40]
Event: 6019.919 Thread 0x000002d7ffd2d260 7053       4       java.util.concurrent.ConcurrentHashMap::sumCount (60 bytes)
Event: 6019.920 Thread 0x000002d7ffd2d260 nmethod 7053 0x000002d78f703610 code [0x000002d78f703780, 0x000002d78f703818]

GC Heap History (20 events):
Event: 6.798 GC heap before
{Heap before GC invocations=12 (full 0):
 garbage-first heap   total 48128K, used 36069K [0x0000000082800000, 0x0000000100000000)
  region size 1024K, 18 young (18432K), 3 survivors (3072K)
 Metaspace       used 45240K, committed 45632K, reserved 1114112K
  class space    used 5853K, committed 6016K, reserved 1048576K
}
Event: 6.802 GC heap after
{Heap after GC invocations=13 (full 0):
 garbage-first heap   total 48128K, used 21600K [0x0000000082800000, 0x0000000100000000)
  region size 1024K, 1 young (1024K), 1 survivors (1024K)
 Metaspace       used 45240K, committed 45632K, reserved 1114112K
  class space    used 5853K, committed 6016K, reserved 1048576K
}
Event: 7.099 GC heap before
{Heap before GC invocations=13 (full 0):
 garbage-first heap   total 48128K, used 36960K [0x0000000082800000, 0x0000000100000000)
  region size 1024K, 16 young (16384K), 1 survivors (1024K)
 Metaspace       used 49514K, committed 49856K, reserved 1114112K
  class space    used 6521K, committed 6656K, reserved 1048576K
}
Event: 7.102 GC heap after
{Heap after GC invocations=14 (full 0):
 garbage-first heap   total 81920K, used 22273K [0x0000000082800000, 0x0000000100000000)
  region size 1024K, 2 young (2048K), 2 survivors (2048K)
 Metaspace       used 49514K, committed 49856K, reserved 1114112K
  class space    used 6521K, committed 6656K, reserved 1048576K
}
Event: 8.122 GC heap before
{Heap before GC invocations=14 (full 0):
 garbage-first heap   total 81920K, used 63233K [0x0000000082800000, 0x0000000100000000)
  region size 1024K, 43 young (44032K), 2 survivors (2048K)
 Metaspace       used 56454K, committed 56896K, reserved 1114112K
  class space    used 7460K, committed 7680K, reserved 1048576K
}
Event: 8.127 GC heap after
{Heap after GC invocations=15 (full 0):
 garbage-first heap   total 81920K, used 24891K [0x0000000082800000, 0x0000000100000000)
  region size 1024K, 5 young (5120K), 5 survivors (5120K)
 Metaspace       used 56454K, committed 56896K, reserved 1114112K
  class space    used 7460K, committed 7680K, reserved 1048576K
}
Event: 8.521 GC heap before
{Heap before GC invocations=15 (full 0):
 garbage-first heap   total 81920K, used 47419K [0x0000000082800000, 0x0000000100000000)
  region size 1024K, 28 young (28672K), 5 survivors (5120K)
 Metaspace       used 59711K, committed 60096K, reserved 1114112K
  class space    used 7923K, committed 8128K, reserved 1048576K
}
Event: 8.528 GC heap after
{Heap after GC invocations=16 (full 0):
 garbage-first heap   total 81920K, used 27230K [0x0000000082800000, 0x0000000100000000)
  region size 1024K, 5 young (5120K), 5 survivors (5120K)
 Metaspace       used 59711K, committed 60096K, reserved 1114112K
  class space    used 7923K, committed 8128K, reserved 1048576K
}
Event: 61.915 GC heap before
{Heap before GC invocations=17 (full 0):
 garbage-first heap   total 81920K, used 63070K [0x0000000082800000, 0x0000000100000000)
  region size 1024K, 41 young (41984K), 5 survivors (5120K)
 Metaspace       used 66683K, committed 67136K, reserved 1114112K
  class space    used 8800K, committed 9024K, reserved 1048576K
}
Event: 61.924 GC heap after
{Heap after GC invocations=18 (full 0):
 garbage-first heap   total 81920K, used 30770K [0x0000000082800000, 0x0000000100000000)
  region size 1024K, 6 young (6144K), 6 survivors (6144K)
 Metaspace       used 66683K, committed 67136K, reserved 1114112K
  class space    used 8800K, committed 9024K, reserved 1048576K
}
Event: 1012.718 GC heap before
{Heap before GC invocations=18 (full 0):
 garbage-first heap   total 81920K, used 63538K [0x0000000082800000, 0x0000000100000000)
  region size 1024K, 38 young (38912K), 6 survivors (6144K)
 Metaspace       used 67786K, committed 68288K, reserved 1114112K
  class space    used 8906K, committed 9152K, reserved 1048576K
}
Event: 1012.755 GC heap after
{Heap after GC invocations=19 (full 0):
 garbage-first heap   total 81920K, used 31722K [0x0000000082800000, 0x0000000100000000)
  region size 1024K, 1 young (1024K), 1 survivors (1024K)
 Metaspace       used 67786K, committed 68288K, reserved 1114112K
  class space    used 8906K, committed 9152K, reserved 1048576K
}
Event: 1870.460 GC heap before
{Heap before GC invocations=19 (full 0):
 garbage-first heap   total 81920K, used 65514K [0x0000000082800000, 0x0000000100000000)
  region size 1024K, 34 young (34816K), 1 survivors (1024K)
 Metaspace       used 67978K, committed 68480K, reserved 1114112K
  class space    used 8910K, committed 9152K, reserved 1048576K
}
Event: 1870.465 GC heap after
{Heap after GC invocations=20 (full 0):
 garbage-first heap   total 81920K, used 31889K [0x0000000082800000, 0x0000000100000000)
  region size 1024K, 2 young (2048K), 2 survivors (2048K)
 Metaspace       used 67978K, committed 68480K, reserved 1114112K
  class space    used 8910K, committed 9152K, reserved 1048576K
}
Event: 3209.773 GC heap before
{Heap before GC invocations=20 (full 0):
 garbage-first heap   total 81920K, used 66705K [0x0000000082800000, 0x0000000100000000)
  region size 1024K, 36 young (36864K), 2 survivors (2048K)
 Metaspace       used 68011K, committed 68480K, reserved 1114112K
  class space    used 8910K, committed 9152K, reserved 1048576K
}
Event: 3209.781 GC heap after
{Heap after GC invocations=21 (full 0):
 garbage-first heap   total 81920K, used 31775K [0x0000000082800000, 0x0000000100000000)
  region size 1024K, 2 young (2048K), 2 survivors (2048K)
 Metaspace       used 68011K, committed 68480K, reserved 1114112K
  class space    used 8910K, committed 9152K, reserved 1048576K
}
Event: 4141.309 GC heap before
{Heap before GC invocations=21 (full 0):
 garbage-first heap   total 81920K, used 67615K [0x0000000082800000, 0x0000000100000000)
  region size 1024K, 37 young (37888K), 2 survivors (2048K)
 Metaspace       used 68090K, committed 68608K, reserved 1114112K
  class space    used 8911K, committed 9152K, reserved 1048576K
}
Event: 4141.332 GC heap after
{Heap after GC invocations=22 (full 0):
 garbage-first heap   total 81920K, used 31994K [0x0000000082800000, 0x0000000100000000)
  region size 1024K, 2 young (2048K), 2 survivors (2048K)
 Metaspace       used 68090K, committed 68608K, reserved 1114112K
  class space    used 8911K, committed 9152K, reserved 1048576K
}
Event: 5345.548 GC heap before
{Heap before GC invocations=22 (full 0):
 garbage-first heap   total 81920K, used 67834K [0x0000000082800000, 0x0000000100000000)
  region size 1024K, 37 young (37888K), 2 survivors (2048K)
 Metaspace       used 68115K, committed 68608K, reserved 1114112K
  class space    used 8911K, committed 9152K, reserved 1048576K
}
Event: 5345.569 GC heap after
{Heap after GC invocations=23 (full 0):
 garbage-first heap   total 81920K, used 32054K [0x0000000082800000, 0x0000000100000000)
  region size 1024K, 2 young (2048K), 2 survivors (2048K)
 Metaspace       used 68115K, committed 68608K, reserved 1114112K
  class space    used 8911K, committed 9152K, reserved 1048576K
}

Deoptimization events (20 events):
Event: 5364.380 Thread 0x000002d7a1e4b3a0 DEOPT UNPACKING pc=0x000002d7878c23a3 sp=0x000000e779dfd990 mode 2
Event: 5364.380 Thread 0x000002d7a1e4b3a0 Uncommon trap: trap_request=0xffffffbe fr.pc=0x000002d78f6f1744 relative=0x00000000000000c4
Event: 5364.380 Thread 0x000002d7a1e4b3a0 Uncommon trap: reason=profile_predicate action=maybe_recompile pc=0x000002d78f6f1744 method=java.math.BigInteger.longValue()J @ 5 c2
Event: 5364.380 Thread 0x000002d7a1e4b3a0 DEOPT PACKING pc=0x000002d78f6f1744 sp=0x000000e779dfda10
Event: 5364.380 Thread 0x000002d7a1e4b3a0 DEOPT UNPACKING pc=0x000002d7878c23a3 sp=0x000000e779dfd990 mode 2
Event: 5364.380 Thread 0x000002d7a1e4b3a0 Uncommon trap: trap_request=0xffffffbe fr.pc=0x000002d78f6f1744 relative=0x00000000000000c4
Event: 5364.380 Thread 0x000002d7a1e4b3a0 Uncommon trap: reason=profile_predicate action=maybe_recompile pc=0x000002d78f6f1744 method=java.math.BigInteger.longValue()J @ 5 c2
Event: 5364.380 Thread 0x000002d7a1e4b3a0 DEOPT PACKING pc=0x000002d78f6f1744 sp=0x000000e779dfda10
Event: 5364.381 Thread 0x000002d7a1e4b3a0 DEOPT UNPACKING pc=0x000002d7878c23a3 sp=0x000000e779dfd990 mode 2
Event: 5364.381 Thread 0x000002d7a1e4b3a0 Uncommon trap: trap_request=0xffffffbe fr.pc=0x000002d78f6f1744 relative=0x00000000000000c4
Event: 5364.381 Thread 0x000002d7a1e4b3a0 Uncommon trap: reason=profile_predicate action=maybe_recompile pc=0x000002d78f6f1744 method=java.math.BigInteger.longValue()J @ 5 c2
Event: 5364.381 Thread 0x000002d7a1e4b3a0 DEOPT PACKING pc=0x000002d78f6f1744 sp=0x000000e779dfda10
Event: 5364.381 Thread 0x000002d7a1e4b3a0 DEOPT UNPACKING pc=0x000002d7878c23a3 sp=0x000000e779dfd990 mode 2
Event: 6437.812 Thread 0x000002d7a0a9b3b0 Uncommon trap: trap_request=0xffffff45 fr.pc=0x000002d78f66214c relative=0x00000000000071ec
Event: 6437.816 Thread 0x000002d7a0a9b3b0 Uncommon trap: reason=unstable_if action=reinterpret pc=0x000002d78f66214c method=java.io.File.normalizedList()[Ljava/lang/String; @ 34 c2
Event: 6437.820 Thread 0x000002d7a0a9b3b0 DEOPT PACKING pc=0x000002d78f66214c sp=0x000000e77baff200
Event: 6437.827 Thread 0x000002d7a0a9b3b0 DEOPT UNPACKING pc=0x000002d7878c23a3 sp=0x000000e77baff068 mode 2
Event: 6437.835 Thread 0x000002d7a0a9b3b0 Uncommon trap: trap_request=0xffffff45 fr.pc=0x000002d78f65a278 relative=0x0000000000000998
Event: 6437.835 Thread 0x000002d7a0a9b3b0 Uncommon trap: reason=unstable_if action=reinterpret pc=0x000002d78f65a278 method=java.io.File.normalizedList()[Ljava/lang/String; @ 34 c2
Event: 6437.835 Thread 0x000002d7a0a9b3b0 DEOPT PACKING pc=0x000002d78f65a278 sp=0x000000e77baff100

Classes loaded (20 events):
Event: 61.914 Loading class java/lang/ObjectCustomizer
Event: 61.914 Loading class java/lang/ObjectCustomizer done
Event: 241.811 Loading class java/io/WriteAbortedException
Event: 241.812 Loading class java/io/WriteAbortedException done
Event: 241.812 Loading class sun/security/provider/SecureRandom
Event: 241.813 Loading class sun/security/provider/SecureRandom done
Event: 241.813 Loading class sun/security/provider/SecureRandom$SeederHolder
Event: 241.813 Loading class sun/security/provider/SecureRandom$SeederHolder done
Event: 241.873 Loading class java/time/format/DateTimeFormatterBuilder$ZoneTextPrinterParser
Event: 241.874 Loading class java/time/format/DateTimeFormatterBuilder$ZoneTextPrinterParser done
Event: 241.874 Loading class java/time/format/DateTimeFormatterBuilder$ReducedPrinterParser
Event: 241.876 Loading class java/time/format/DateTimeFormatterBuilder$ReducedPrinterParser done
Event: 1766.149 Loading class sun/security/ssl/Alert
Event: 1766.157 Loading class sun/security/ssl/Alert done
Event: 1766.161 Loading class sun/security/ssl/Alert$AlertConsumer
Event: 1766.164 Loading class sun/security/ssl/Alert$AlertConsumer done
Event: 1766.164 Loading class sun/security/ssl/Alert$Level
Event: 1766.165 Loading class sun/security/ssl/Alert$Level done
Event: 1766.171 Loading class sun/net/ConnectionResetException
Event: 1766.172 Loading class sun/net/ConnectionResetException done

Classes unloaded (0 events):
No events

Classes redefined (0 events):
No events

Internal exceptions (20 events):
Event: 61.914 Thread 0x000002d7a0a9c6f0 Exception <a 'java/lang/ClassNotFoundException'{0x0000000084ff3170}: java/lang/ObjectCustomizer> (0x0000000084ff3170) 
thrown [s\open\src\hotspot\share\classfile\systemDictionary.cpp, line 255]
Event: 61.924 Thread 0x000002d7a0a9c6f0 Exception <a 'java/lang/ClassNotFoundException'{0x0000000084e72090}: com/greatLearning/springBootLab/model/UserCustomizer> (0x0000000084e72090) 
thrown [s\open\src\hotspot\share\classfile\systemDictionary.cpp, line 255]
Event: 241.714 Thread 0x000002d7a1e48380 Exception <a 'java/lang/IncompatibleClassChangeError'{0x0000000086d82338}: Found class java.lang.Object, but interface was expected> (0x0000000086d82338) 
thrown [s\open\src\hotspot\share\interpreter\linkResolver.cpp, line 833]
Event: 1766.168 Thread 0x000002d7a1e491f0 Exception <a 'java/io/IOException'{0x000000008644b1e8}> (0x000000008644b1e8) 
thrown [s\open\src\hotspot\share\prims\jni.cpp, line 516]
Event: 1766.170 Thread 0x000002d7a1e491f0 Exception <a 'java/io/IOException'{0x000000008644bd28}> (0x000000008644bd28) 
thrown [s\open\src\hotspot\share\prims\jni.cpp, line 516]
Event: 1795.599 Thread 0x000002d7a1e491f0 Exception <a 'java/io/IOException'{0x0000000085f89b90}> (0x0000000085f89b90) 
thrown [s\open\src\hotspot\share\prims\jni.cpp, line 516]
Event: 1795.600 Thread 0x000002d7a1e491f0 Exception <a 'java/io/IOException'{0x0000000085f8a6d0}> (0x0000000085f8a6d0) 
thrown [s\open\src\hotspot\share\prims\jni.cpp, line 516]
Event: 1802.183 Thread 0x000002d7a1e491f0 Exception <a 'java/io/IOException'{0x0000000085f8e2d0}> (0x0000000085f8e2d0) 
thrown [s\open\src\hotspot\share\prims\jni.cpp, line 516]
Event: 1802.183 Thread 0x000002d7a1e491f0 Exception <a 'java/io/IOException'{0x0000000085f8ee10}> (0x0000000085f8ee10) 
thrown [s\open\src\hotspot\share\prims\jni.cpp, line 516]
Event: 3572.072 Thread 0x000002d7a1e491f0 Exception <a 'java/io/IOException'{0x0000000086ab9130}> (0x0000000086ab9130) 
thrown [s\open\src\hotspot\share\prims\jni.cpp, line 516]
Event: 3572.080 Thread 0x000002d7a1e491f0 Exception <a 'java/io/IOException'{0x0000000086aba278}> (0x0000000086aba278) 
thrown [s\open\src\hotspot\share\prims\jni.cpp, line 516]
Event: 3573.635 Thread 0x000002d7a1e491f0 Exception <a 'java/io/IOException'{0x0000000086abc0f0}> (0x0000000086abc0f0) 
thrown [s\open\src\hotspot\share\prims\jni.cpp, line 516]
Event: 3573.636 Thread 0x000002d7a1e491f0 Exception <a 'java/io/IOException'{0x0000000086abcc30}> (0x0000000086abcc30) 
thrown [s\open\src\hotspot\share\prims\jni.cpp, line 516]
Event: 3603.338 Thread 0x000002d7a1e491f0 Exception <a 'java/net/SocketException'{0x0000000086378830}: Connection reset by peer: shutdown> (0x0000000086378830) 
thrown [s\open\src\hotspot\share\prims\jni.cpp, line 535]
Event: 5353.983 Thread 0x000002d7a1e491f0 Exception <a 'java/io/IOException'{0x000000008a5c7b68}> (0x000000008a5c7b68) 
thrown [s\open\src\hotspot\share\prims\jni.cpp, line 516]
Event: 5353.983 Thread 0x000002d7a1e491f0 Exception <a 'java/io/IOException'{0x000000008a5c86a8}> (0x000000008a5c86a8) 
thrown [s\open\src\hotspot\share\prims\jni.cpp, line 516]
Event: 5369.090 Thread 0x000002d7a1e4d550 Exception <a 'java/io/IOException'{0x00000000875fd740}> (0x00000000875fd740) 
thrown [s\open\src\hotspot\share\prims\jni.cpp, line 516]
Event: 5369.090 Thread 0x000002d7a1e4d550 Exception <a 'java/io/IOException'{0x00000000875fe280}> (0x00000000875fe280) 
thrown [s\open\src\hotspot\share\prims\jni.cpp, line 516]
Event: 6437.810 Thread 0x000002d7a0a9b3b0 Implicit null exception at 0x000002d78f65baa0 to 0x000002d78f662100
Event: 6437.835 Thread 0x000002d7a0a9b3b0 Implicit null exception at 0x000002d78f659c20 to 0x000002d78f65a268

VM Operations (20 events):
Event: 5305.562 Executing VM operation: Cleanup
Event: 5305.563 Executing VM operation: Cleanup done
Event: 5345.547 Executing VM operation: G1CollectForAllocation
Event: 5345.569 Executing VM operation: G1CollectForAllocation done
Event: 5346.578 Executing VM operation: Cleanup
Event: 5346.579 Executing VM operation: Cleanup done
Event: 5348.601 Executing VM operation: Cleanup
Event: 5348.601 Executing VM operation: Cleanup done
Event: 5350.618 Executing VM operation: Cleanup
Event: 5350.618 Executing VM operation: Cleanup done
Event: 5354.661 Executing VM operation: Cleanup
Event: 5354.661 Executing VM operation: Cleanup done
Event: 5363.735 Executing VM operation: Cleanup
Event: 5363.736 Executing VM operation: Cleanup done
Event: 5364.739 Executing VM operation: Cleanup
Event: 5364.739 Executing VM operation: Cleanup done
Event: 5369.782 Executing VM operation: Cleanup
Event: 5369.782 Executing VM operation: Cleanup done
Event: 5400.021 Executing VM operation: Cleanup
Event: 5400.021 Executing VM operation: Cleanup done

Events (20 events):
Event: 5305.327 Thread 0x000002d7a1e491f0 Thread added: 0x000002d7a1e491f0
Event: 5305.327 Thread 0x000002d7a1e47510 Thread added: 0x000002d7a1e47510
Event: 5310.349 Thread 0x000002d7a1e491f0 Thread exited: 0x000002d7a1e491f0
Event: 5310.380 Thread 0x000002d7a1e47510 Thread exited: 0x000002d7a1e47510
Event: 5316.821 Thread 0x000002d7a1e4a060 Thread added: 0x000002d7a1e4a060
Event: 5316.821 Thread 0x000002d7a1e4d550 Thread added: 0x000002d7a1e4d550
Event: 5321.831 Thread 0x000002d7a1e4a060 Thread exited: 0x000002d7a1e4a060
Event: 5321.847 Thread 0x000002d7a1e4d550 Thread exited: 0x000002d7a1e4d550
Event: 5338.568 Thread 0x000002d7a1e4d550 Thread added: 0x000002d7a1e4d550
Event: 5338.568 Thread 0x000002d7a1e4a530 Thread added: 0x000002d7a1e4a530
Event: 5343.586 Thread 0x000002d7a1e4d550 Thread exited: 0x000002d7a1e4d550
Event: 5343.602 Thread 0x000002d7a1e4a530 Thread exited: 0x000002d7a1e4a530
Event: 5345.537 Thread 0x000002d7a1e491f0 Thread added: 0x000002d7a1e491f0
Event: 5345.538 Thread 0x000002d7a1e47510 Thread added: 0x000002d7a1e47510
Event: 5358.994 Thread 0x000002d7a1e491f0 Thread exited: 0x000002d7a1e491f0
Event: 5359.025 Thread 0x000002d7a1e47510 Thread exited: 0x000002d7a1e47510
Event: 5363.447 Thread 0x000002d7a1e4d550 Thread added: 0x000002d7a1e4d550
Event: 5363.447 Thread 0x000002d7a1e4b3a0 Thread added: 0x000002d7a1e4b3a0
Event: 5374.101 Thread 0x000002d7a1e4d550 Thread exited: 0x000002d7a1e4d550
Event: 5374.133 Thread 0x000002d7a1e4b3a0 Thread exited: 0x000002d7a1e4b3a0


Dynamic libraries:
0x00007ff63db30000 - 0x00007ff63db40000 	C:\Program Files\Java\jdk-18.0.1\bin\java.exe
0x00007ffa97180000 - 0x00007ffa97387000 	C:\Windows\SYSTEM32\ntdll.dll
0x00007ffa95c70000 - 0x00007ffa95d2d000 	C:\Windows\System32\KERNEL32.DLL
0x00007ffa94810000 - 0x00007ffa94b82000 	C:\Windows\System32\KERNELBASE.dll
0x00007ffa94eb0000 - 0x00007ffa94fc1000 	C:\Windows\System32\ucrtbase.dll
0x00007ffa83310000 - 0x00007ffa83328000 	C:\Program Files\Java\jdk-18.0.1\bin\jli.dll
0x00007ffa833a0000 - 0x00007ffa833ba000 	C:\Program Files\Java\jdk-18.0.1\bin\VCRUNTIME140.dll
0x00007ffa951f0000 - 0x00007ffa9529c000 	C:\Windows\System32\ADVAPI32.dll
0x00007ffa96c50000 - 0x00007ffa96cf3000 	C:\Windows\System32\msvcrt.dll
0x00007ffa95a30000 - 0x00007ffa95acd000 	C:\Windows\System32\sechost.dll
0x00007ffa96b20000 - 0x00007ffa96c41000 	C:\Windows\System32\RPCRT4.dll
0x00007ffa95f30000 - 0x00007ffa960dc000 	C:\Windows\System32\USER32.dll
0x00007ffa94d20000 - 0x00007ffa94d46000 	C:\Windows\System32\win32u.dll
0x00007ffa96a80000 - 0x00007ffa96aa9000 	C:\Windows\System32\GDI32.dll
0x00007ffa94b90000 - 0x00007ffa94ca2000 	C:\Windows\System32\gdi32full.dll
0x00007ffa94d50000 - 0x00007ffa94ded000 	C:\Windows\System32\msvcp_win.dll
0x00007ffa7be30000 - 0x00007ffa7c0d5000 	C:\Windows\WinSxS\amd64_microsoft.windows.common-controls_6595b64144ccf1df_6.0.21996.1_none_7d6b053978bcd706\COMCTL32.dll
0x00007ffa8dc00000 - 0x00007ffa8dc0a000 	C:\Windows\SYSTEM32\VERSION.dll
0x00007ffa95140000 - 0x00007ffa95171000 	C:\Windows\System32\IMM32.DLL
0x00007ffa90010000 - 0x00007ffa9001c000 	C:\Program Files\Java\jdk-18.0.1\bin\vcruntime140_1.dll
0x00007ffa50570000 - 0x00007ffa505fd000 	C:\Program Files\Java\jdk-18.0.1\bin\msvcp140.dll
0x00007ffa27a90000 - 0x00007ffa286a0000 	C:\Program Files\Java\jdk-18.0.1\bin\server\jvm.dll
0x00007ffa95130000 - 0x00007ffa95138000 	C:\Windows\System32\PSAPI.DLL
0x00007ffa7b180000 - 0x00007ffa7b189000 	C:\Windows\SYSTEM32\WSOCK32.dll
0x00007ffa95180000 - 0x00007ffa951ef000 	C:\Windows\System32\WS2_32.dll
0x00007ffa8f620000 - 0x00007ffa8f653000 	C:\Windows\SYSTEM32\WINMM.dll
0x00007ffa937a0000 - 0x00007ffa937b7000 	C:\Windows\SYSTEM32\kernel.appcore.dll
0x00007ffa84070000 - 0x00007ffa8407a000 	C:\Program Files\Java\jdk-18.0.1\bin\jimage.dll
0x00007ffa86500000 - 0x00007ffa86721000 	C:\Windows\SYSTEM32\DBGHELP.DLL
0x00007ffa7f8a0000 - 0x00007ffa7f8d1000 	C:\Windows\SYSTEM32\dbgcore.DLL
0x00007ffa94fd0000 - 0x00007ffa95050000 	C:\Windows\System32\bcryptPrimitives.dll
0x00007ffa8f890000 - 0x00007ffa8f89e000 	C:\Program Files\Java\jdk-18.0.1\bin\instrument.dll
0x00007ffa821d0000 - 0x00007ffa821f5000 	C:\Program Files\Java\jdk-18.0.1\bin\java.dll
0x00007ffa38390000 - 0x00007ffa38466000 	C:\Program Files\Java\jdk-18.0.1\bin\jsvml.dll
0x00007ffa952a0000 - 0x00007ffa95a09000 	C:\Windows\System32\SHELL32.dll
0x00007ffa92820000 - 0x00007ffa93078000 	C:\Windows\SYSTEM32\windows.storage.dll
0x00007ffa96550000 - 0x00007ffa968c5000 	C:\Windows\System32\combase.dll
0x00007ffa926b0000 - 0x00007ffa92816000 	C:\Windows\SYSTEM32\wintypes.dll
0x00007ffa95e40000 - 0x00007ffa95f2a000 	C:\Windows\System32\SHCORE.dll
0x00007ffa96ea0000 - 0x00007ffa96efd000 	C:\Windows\System32\shlwapi.dll
0x00007ffa945d0000 - 0x00007ffa945f1000 	C:\Windows\SYSTEM32\profapi.dll
0x00007ffa66660000 - 0x00007ffa66678000 	C:\Program Files\Java\jdk-18.0.1\bin\zip.dll
0x00007ffa6d7e0000 - 0x00007ffa6d7f3000 	C:\Program Files\Java\jdk-18.0.1\bin\net.dll
0x00007ffa8d9b0000 - 0x00007ffa8dabc000 	C:\Windows\SYSTEM32\WINHTTP.dll
0x00007ffa93be0000 - 0x00007ffa93c47000 	C:\Windows\system32\mswsock.dll
0x00007ffa67690000 - 0x00007ffa676a6000 	C:\Program Files\Java\jdk-18.0.1\bin\nio.dll
0x00007ffa8f870000 - 0x00007ffa8f88a000 	C:\Program Files\JetBrains\IntelliJ IDEA Community Edition 2022.1.2\bin\breakgen64.dll
0x00007ffa821c0000 - 0x00007ffa821d0000 	C:\Program Files\Java\jdk-18.0.1\bin\verify.dll
0x00007ffa8f860000 - 0x00007ffa8f869000 	C:\Program Files\Java\jdk-18.0.1\bin\management.dll
0x00007ffa8f850000 - 0x00007ffa8f85b000 	C:\Program Files\Java\jdk-18.0.1\bin\management_ext.dll
0x00007ffa79da0000 - 0x00007ffa79db7000 	C:\Windows\system32\napinsp.dll
0x00007ffa78d40000 - 0x00007ffa78d5b000 	C:\Windows\system32\pnrpnsp.dll
0x00007ffa93340000 - 0x00007ffa93425000 	C:\Windows\SYSTEM32\DNSAPI.dll
0x00007ffa932d0000 - 0x00007ffa932fd000 	C:\Windows\SYSTEM32\IPHLPAPI.DLL
0x00007ffa96930000 - 0x00007ffa96939000 	C:\Windows\System32\NSI.dll
0x00007ffa78d20000 - 0x00007ffa78d32000 	C:\Windows\System32\winrnr.dll
0x00007ffa78d00000 - 0x00007ffa78d15000 	C:\Windows\system32\wshbth.dll
0x00007ffa78ce0000 - 0x00007ffa78cff000 	C:\Windows\system32\nlansp_c.dll
0x00007ffa870d0000 - 0x00007ffa870da000 	C:\Windows\System32\rasadhlp.dll
0x00007ffa8ab90000 - 0x00007ffa8ac11000 	C:\Windows\System32\fwpuclnt.dll
0x00007ffa93e20000 - 0x00007ffa93e38000 	C:\Windows\SYSTEM32\CRYPTSP.dll
0x00007ffa93700000 - 0x00007ffa93735000 	C:\Windows\system32\rsaenh.dll
0x00007ffa93cd0000 - 0x00007ffa93cf9000 	C:\Windows\SYSTEM32\USERENV.dll
0x00007ffa93fa0000 - 0x00007ffa93fc7000 	C:\Windows\SYSTEM32\bcrypt.dll
0x00007ffa93e40000 - 0x00007ffa93e4c000 	C:\Windows\SYSTEM32\CRYPTBASE.dll
0x00007ffa8dc10000 - 0x00007ffa8dc29000 	C:\Windows\SYSTEM32\dhcpcsvc6.DLL
0x00007ffa8e400000 - 0x00007ffa8e41e000 	C:\Windows\SYSTEM32\dhcpcsvc.DLL
0x00007ffa91c50000 - 0x00007ffa91c5e000 	C:\Program Files\Java\jdk-18.0.1\bin\sunmscapi.dll
0x00007ffa946a0000 - 0x00007ffa94805000 	C:\Windows\System32\CRYPT32.dll
0x00007ffa93f70000 - 0x00007ffa93f98000 	C:\Windows\SYSTEM32\ncrypt.dll
0x00007ffa93f30000 - 0x00007ffa93f67000 	C:\Windows\SYSTEM32\NTASN1.dll

dbghelp: loaded successfully - version: 4.0.5 - missing functions: none
symbol engine: initialized successfully - sym options: 0x614 - pdb path: .;C:\Program Files\Java\jdk-18.0.1\bin;C:\Windows\SYSTEM32;C:\Windows\WinSxS\amd64_microsoft.windows.common-controls_6595b64144ccf1df_6.0.21996.1_none_7d6b053978bcd706;C:\Program Files\Java\jdk-18.0.1\bin\server;C:\Program Files\JetBrains\IntelliJ IDEA Community Edition 2022.1.2\bin

VM Arguments:
jvm_args: -javaagent:C:\Program Files\JetBrains\IntelliJ IDEA Community Edition 2022.1.2\lib\idea_rt.jar=10911:C:\Program Files\JetBrains\IntelliJ IDEA Community Edition 2022.1.2\bin -Dfile.encoding=UTF-8 -Dsun.stdout.encoding=UTF-8 -Dsun.stderr.encoding=UTF-8 
java_command: com.greatLearning.springBootLab.SpringBootLabApplication
java_class_path (initial): D:\Great Learning Material\LabAssignment\springBootLab\target\classes;C:\Users\Lenovo\.m2\repository\org\springframework\boot\spring-boot-starter-thymeleaf\2.7.5\spring-boot-starter-thymeleaf-2.7.5.jar;C:\Users\Lenovo\.m2\repository\org\springframework\boot\spring-boot-starter\2.7.5\spring-boot-starter-2.7.5.jar;C:\Users\Lenovo\.m2\repository\org\springframework\boot\spring-boot-starter-logging\2.7.5\spring-boot-starter-logging-2.7.5.jar;C:\Users\Lenovo\.m2\repository\ch\qos\logback\logback-classic\1.2.11\logback-classic-1.2.11.jar;C:\Users\Lenovo\.m2\repository\ch\qos\logback\logback-core\1.2.11\logback-core-1.2.11.jar;C:\Users\Lenovo\.m2\repository\org\apache\logging\log4j\log4j-to-slf4j\2.17.2\log4j-to-slf4j-2.17.2.jar;C:\Users\Lenovo\.m2\repository\org\apache\logging\log4j\log4j-api\2.17.2\log4j-api-2.17.2.jar;C:\Users\Lenovo\.m2\repository\org\slf4j\jul-to-slf4j\1.7.36\jul-to-slf4j-1.7.36.jar;C:\Users\Lenovo\.m2\repository\jakarta\annotation\jakarta.annotation-api\1.3.5\jakarta.annotation-api-1.3.5.jar;C:\Users\Lenovo\.m2\repository\org\yaml\snakeyaml\1.30\snakeyaml-1.30.jar;C:\Users\Lenovo\.m2\repository\org\thymeleaf\thymeleaf-spring5\3.0.15.RELEASE\thymeleaf-spring5-3.0.15.RELEASE.jar;C:\Users\Lenovo\.m2\repository\org\thymeleaf\thymeleaf\3.0.15.RELEASE\thymeleaf-3.0.15.RELEASE.jar;C:\Users\Lenovo\.m2\repository\org\attoparser\attoparser\2.0.5.RELEASE\attoparser-2.0.5.RELEASE.jar;C:\Users\Lenovo\.m2\repository\org\unbescape\unbescape\1.1.6.RELEASE\unbescape-1.1.6.RELEASE.jar;C:\Users\Lenovo\.m2\repository\org\slf4j\slf4j-api\1.7.36\slf4j-api-1.7.36.jar;C:\Users\Lenovo\.m2\repository\org\thymeleaf\extras\thymeleaf-extras-java8time\3.0.4.RELEASE\thymeleaf-extras-java8time-3.0.4.RELEASE.jar;C:\Users\Lenovo\.m2\repository\org\springframework\boot\spring-boot-starter-data-jpa\2.7.5\spring-boot-starter-data-jpa-2.7.5.jar;C:\Users\Lenovo\.m2\repository\org\springframework\boot\spring-boot-starter-aop\2.7.5\spring-boot-starter-aop-2.7.5.jar;C:\Users\Lenovo\.m2\repository\org\aspectj\aspectjweaver\1.9.7\aspectjweaver-1.9.7.jar;C:\Users\Lenovo\.m2\repository\org\springframework\boot\spring-boot-starter-jdbc\2.7.5\spring-boot-starter-jdbc-2.7.5.jar;C:\Users\Lenovo\.m2\repository\com\zaxxer\HikariCP\4.0.3\HikariCP-4.0.3.jar;C:\Users\Lenovo\.m2\repository\org\springframework\spring-jdbc\5.3.23\spring-jdbc-5.3.23.jar;C:\Users\Lenovo\.m2\repository\jakarta\transaction\jakarta.transaction-api\1.3.3\jakarta.transaction-api-1.3.3.jar;C:\Users\Lenovo\.m2\repository\org\hibernate\hibernate-core\5.6.12.Final\hibernate-core-5.6.12.Final.jar;C:\Users\Lenovo\.m2\repository\org\jboss\logging\jboss-logging\3.4.3.Final\jboss-logging-3.4.3.Final.jar;C:\Users\Lenovo\.m2\repository\net\bytebuddy\byte-buddy\1.12.18\byte-buddy-1.12.18.jar;C:\Users\Lenovo\.m2\repository\antlr\antlr\2.7.7\antlr-2.7.7.jar;C:\Users\Lenovo\.m2\repository\org\jboss\jandex\2.4.2.Final\jandex-2.4.2.Final.jar;C:\Users\Lenovo\.m2\repository\com\fasterxml\classmate\1.5.1\classmate-1.5.1.jar;C:\Users\Lenovo\.m2\repository\org\hibernate\common\hibernate-commons-annotations\5.1.2.Final\hibernate-commons-annotations-5.1.2.Final.jar;C:\Users\Lenovo\.m2\repository\org\glassfish\jaxb\jaxb-runtime\2.3.7\jaxb-runtime-2.3.7.jar;C:\Users\Lenovo\.m2\repository\org\glassfish\jaxb\txw2\2.3.7\txw2-2.3.7.jar;C:\Users\Lenovo\.m2\repository\com\sun\istack\istack-commons-runtime\3.0.12\istack-commons-runtime-3.0.12.jar;C:\Users\Lenovo\.m2\repository\com\sun\activation\jakarta.activation\1.2.2\jakarta.activation-1.2.2.jar;C:\Users\Lenovo\.m2\repository\org\springframework\data\spring-data-jpa\2.7.5\spring-data-jpa-2.7.5.jar;C:\Users\Lenovo\.m2\repository\org\springframework\data\spring-data-commons\2.7.5\spring-data-commons-2.7.5.jar;C:\Users\Lenovo\.m2\repository\org\springframework\spring-orm\5.3.23\spring-orm-5.3.23.jar;C:\Users\Lenovo\.m2\repository\org\springframework\spring-context\5.3.23\spring-context-5.3.23.jar;C:\Users\Lenovo\.m2\repository\org\springframework\spring-tx\5.3.23\spring-tx-5.3.23.jar;C:\Users\Lenovo\.m2\repository\org\springframework\spring-beans\5.3.23\spring-beans-5.3.23.jar;C:\Users\Lenovo\.m2\repository\org\springframework\spring-aspects\5.3.23\spring-aspects-5.3.23.jar;C:\Users\Lenovo\.m2\repository\org\springframework\boot\spring-boot-starter-validation\2.7.5\spring-boot-starter-validation-2.7.5.jar;C:\Users\Lenovo\.m2\repository\org\apache\tomcat\embed\tomcat-embed-el\9.0.68\tomcat-embed-el-9.0.68.jar;C:\Users\Lenovo\.m2\repository\org\hibernate\validator\hibernate-validator\6.2.5.Final\hibernate-validator-6.2.5.Final.jar;C:\Users\Lenovo\.m2\repository\jakarta\validation\jakarta.validation-api\2.0.2\jakarta.validation-api-2.0.2.jar;C:\Users\Lenovo\.m2\repository\org\springframework\boot\spring-boot-starter-security\2.7.5\spring-boot-starter-security-2.7.5.jar;C:\Users\Lenovo\.m2\repository\org\springframework\spring-aop\5.3.23\spring-aop-5.3.23.jar;C:\Users\Lenovo\.m2\repository\org\springframework\security\spring-security-config\5.7.4\spring-security-config-5.7.4.jar;C:\Users\Lenovo\.m2\repository\org\springframework\security\spring-security-web\5.7.4\spring-security-web-5.7.4.jar;C:\Users\Lenovo\.m2\repository\org\springframework\spring-expression\5.3.23\spring-expression-5.3.23.jar;C:\Users\Lenovo\.m2\repository\org\springframework\boot\spring-boot-starter-web\2.7.5\spring-boot-starter-web-2.7.5.jar;C:\Users\Lenovo\.m2\repository\org\springframework\boot\spring-boot-starter-json\2.7.5\spring-boot-starter-json-2.7.5.jar;C:\Users\Lenovo\.m2\repository\com\fasterxml\jackson\core\jackson-databind\2.13.4.2\jackson-databind-2.13.4.2.jar;C:\Users\Lenovo\.m2\repository\com\fasterxml\jackson\core\jackson-annotations\2.13.4\jackson-annotations-2.13.4.jar;C:\Users\Lenovo\.m2\repository\com\fasterxml\jackson\core\jackson-core\2.13.4\jackson-core-2.13.4.jar;C:\Users\Lenovo\.m2\repository\com\fasterxml\jackson\datatype\jackson-datatype-jdk8\2.13.4\jackson-datatype-jdk8-2.13.4.jar;C:\Users\Lenovo\.m2\repository\com\fasterxml\jackson\datatype\jackson-datatype-jsr310\2.13.4\jackson-datatype-jsr310-2.13.4.jar;C:\Users\Lenovo\.m2\repository\com\fasterxml\jackson\module\jackson-module-parameter-names\2.13.4\jackson-module-parameter-names-2.13.4.jar;C:\Users\Lenovo\.m2\repository\org\springframework\boot\spring-boot-starter-tomcat\2.7.5\spring-boot-starter-tomcat-2.7.5.jar;C:\Users\Lenovo\.m2\repository\org\apache\tomcat\embed\tomcat-embed-core\9.0.68\tomcat-embed-core-9.0.68.jar;C:\Users\Lenovo\.m2\repository\org\apache\tomcat\embed\tomcat-embed-websocket\9.0.68\tomcat-embed-websocket-9.0.68.jar;C:\Users\Lenovo\.m2\repository\org\springframework\spring-web\5.3.23\spring-web-5.3.23.jar;C:\Users\Lenovo\.m2\repository\org\springframework\spring-webmvc\5.3.23\spring-webmvc-5.3.23.jar;C:\Users\Lenovo\.m2\repository\org\springframework\boot\spring-boot-devtools\2.7.5\spring-boot-devtools-2.7.5.jar;C:\Users\Lenovo\.m2\repository\org\springframework\boot\spring-boot\2.7.5\spring-boot-2.7.5.jar;C:\Users\Lenovo\.m2\repository\org\springframework\boot\spring-boot-autoconfigure\2.7.5\spring-boot-autoconfigure-2.7.5.jar;C:\Users\Lenovo\.m2\repository\com\mysql\mysql-connector-j\8.0.31\mysql-connector-j-8.0.31.jar;C:\Users\Lenovo\.m2\repository\org\projectlombok\lombok\1.18.24\lombok-1.18.24.jar;C:\Users\Lenovo\.m2\repository\jakarta\xml\bind\jakarta.xml.bind-api\2.3.3\jakarta.xml.bind-api-2.3.3.jar;C:\Users\Lenovo\.m2\repository\jakarta\activation\jakarta.activation-api\1.2.2\jakarta.activation-api-1.2.2.jar;C:\Users\Lenovo\.m2\repository\org\springframework\spring-core\5.3.23\spring-core-5.3.23.jar;C:\Users\Lenovo\.m2\repository\org\springframework\spring-jcl\5.3.23\spring-jcl-5.3.23.jar;C:\Users\Lenovo\.m2\repository\org\springframework\security\spring-security-core\5.7.4\spring-security-core-5.7.4.jar;C:\Users\Lenovo\.m2\repository\org\springframework\security\spring-security-crypto\5.7.4\spring-security-crypto-5.7.4.jar;C:\Users\Lenovo\.m2\repository\jakarta\persistence\jakarta.persistence-api\2.2.3\jakarta.persistence-api-2.2.3.jar
Launcher Type: SUN_STANDARD

[Global flags]

[error occurred during error reporting (printing flags), id 0xe0000001, Out of Memory Error (s\open\src\hotspot\share\memory\allocation.cpp:44)]

Logging:
Log output configuration:
 #0: stdout all=warning uptime,level,tags foldmultilines=false
 #1: stderr all=off uptime,level,tags foldmultilines=false

Environment Variables:
JAVA_HOME=C:\Program Files\Java\jdk-18.0.1
PATH=C:\Program Files\Common Files\Oracle\Java\javapath;C:\Windows\system32;C:\Windows;C:\Windows\System32\Wbem;C:\Windows\System32\WindowsPowerShell\v1.0\;C:\Windows\System32\OpenSSH\;C:\Program Files\Java\jdk-18.0.1\bin;C:\Program Files\Git\cmd;C:\Maven\apache-maven-3.8.5\bin;C:\Program Files\nodejs\;C:\Program Files\PowerShell\7\;C:\Program Files\Cloudflare\Cloudflare WARP\;C:\Program Files\Docker\Docker\resources\bin;C:\ProgramData\DockerDesktop\version-bin;C:\Program Files\MySQL\MySQL Shell 8.0\bin\;C:\Users\Lenovo\AppData\Local\Microsoft\WindowsApps;C:\Users\Lenovo\AppData\Local\Programs\Microsoft VS Code\bin;C:\Program Files\JetBrains\IntelliJ IDEA 2021.1\bin;;C:\Users\Lenovo\AppData\Local\GitHubDesktop\bin;C:\Program Files\heroku\bin;C:\Program Files\JetBrains\IntelliJ IDEA Community Edition 2022.1.2\bin;;C:\Program Files\JetBrains\WebStorm 2022.1\bin;;C:\Users\Lenovo\AppData\Roaming\npm
USERNAME=Lenovo
OS=Windows_NT
PROCESSOR_IDENTIFIER=Intel64 Family 6 Model 142 Stepping 12, GenuineIntel



---------------  S Y S T E M  ---------------

OS:
 Windows 10 , 64 bit Build 21996 (10.0.21996.1)
OS uptime: 22 days 8:00 hours
Hyper-V role detected

CPU: total 4 (initial active 4) (2 cores per cpu, 2 threads per core) family 6 model 142 stepping 12 microcode 0xea, cx8, cmov, fxsr, ht, mmx, 3dnowpref, sse, sse2, sse3, ssse3, sse4.1, sse4.2, popcnt, lzcnt, tsc, tscinvbit, avx, avx2, aes, erms, clmul, bmi1, bmi2, adx, fma, vzeroupper, clflush, clflushopt, hv

Memory: 4k page, system-wide physical 8026M (803M free)
TotalPageFile size 32602M (AvailPageFile size 0M)
current process WorkingSet (physical memory assigned to process): 8M, peak: 248M
current process commit charge ("private bytes"): 271M, peak: 291M

vm_info: Java HotSpot(TM) 64-Bit Server VM (18.0.1+10-24) for windows-amd64 JRE (18.0.1+10-24), built on Mar  9 2022 22:41:56 by "mach5one" with MS VC++ 16.8 / 16.9 (VS2019)

END.
